<?xml version="1.0" encoding="UTF-8"?>
<!-- Generated by org.testng.reporters.JUnitReportReporter -->
<testsuite hostname="Vaishak" failures="0" tests="3" name="gdfgd.xa" time="0.004" errors="0" timestamp="2024-07-06T13:16:51 IST" skipped="0">
  <testcase classname="gdfgd.xa" name="n" time="0.001"/>
  <system-out/>
  <testcase classname="gdfgd.xa" name="q" time="0.001"/>
  <system-out/>
  <testcase classname="gdfgd.xa" name="m" time="0.002"/>
  <system-out/>
</testsuite> <!-- gdfgd.xa -->
