<?xml version="1.0" encoding="UTF-8"?>
<!-- Generated by org.testng.reporters.JUnitReportReporter -->
<testsuite hostname="Vaishak" failures="0" tests="2" name="gdfgd.dataproviderssz" time="0.012" errors="0" timestamp="2024-07-06T14:47:11 IST" skipped="0">
  <testcase classname="gdfgd.dataproviderssz" name="DATA" time="0.011"/>
  <system-out/>
  <testcase classname="gdfgd.dataproviderssz" name="DATA" time="0.001"/>
  <system-out/>
</testsuite> <!-- gdfgd.dataproviderssz -->
