<?xml version="1.0" encoding="UTF-8"?>
<!-- Generated by org.testng.reporters.JUnitReportReporter -->
<testsuite hostname="Vaishak" failures="0" tests="1" name="gdfgd.ExtentdsReports" time="0.056" errors="0" timestamp="2024-07-06T18:35:56 IST" skipped="0">
  <testcase classname="gdfgd.ExtentdsReports" name="config" time="0.056"/>
  <system-out/>
</testsuite> <!-- gdfgd.ExtentdsReports -->
