<?xml version="1.0" encoding="UTF-8"?>
<!-- Generated by org.testng.reporters.JUnitReportReporter -->
<testsuite hostname="Vaishak" failures="0" tests="8" name="gdfgd.priority" time="0.026" errors="0" timestamp="2024-07-06T14:45:26 IST" skipped="0">
  <testcase classname="gdfgd.priority" name="DATA" time="0.012"/>
  <system-out/>
  <testcase classname="gdfgd.priority" name="DATA" time="0.002"/>
  <system-out/>
  <testcase classname="gdfgd.priority" name="t3" time="0.003"/>
  <system-out/>
  <testcase classname="gdfgd.priority" name="t1" time="0.001"/>
  <system-out/>
  <testcase classname="gdfgd.priority" name="t2" time="0.002"/>
  <system-out/>
  <testcase classname="gdfgd.priority" name="z" time="0.002"/>
  <system-out/>
  <testcase classname="gdfgd.priority" name="D" time="0.002"/>
  <system-out/>
  <testcase classname="gdfgd.priority" name="u" time="0.002"/>
  <system-out/>
</testsuite> <!-- gdfgd.priority -->
