<?xml version="1.0" encoding="UTF-8"?>
<!-- Generated by org.testng.reporters.JUnitReportReporter -->
<testsuite hostname="Vaishak" failures="0" tests="1" name="gdfgd.sdgs" time="0.013" errors="0" timestamp="2024-07-06T13:09:08 IST" skipped="0">
  <testcase classname="gdfgd.sdgs" name="n3" time="0.013"/>
  <system-out/>
</testsuite> <!-- gdfgd.sdgs -->
