<?xml version="1.0" encoding="UTF-8"?>
<!-- Generated by org.testng.reporters.JUnitReportReporter -->
<testsuite hostname="Vaishak" failures="0" tests="3" name="gdfgd.xa2Test" time="0.016" errors="0" timestamp="2024-07-06T16:36:58 IST" skipped="0">
  <testcase classname="gdfgd.xa2Test" name="m" time="0.010"/>
  <testcase classname="gdfgd.xa2Test" name="n" time="0.006"/>
  <testcase classname="gdfgd.xa2Test" name="q" time="0.000"/>
</testsuite> <!-- gdfgd.xa2Test -->
