<?xml version="1.0" encoding="UTF-8"?>
<!-- Generated by org.testng.reporters.JUnitReportReporter -->
<testsuite hostname="Vaishak" failures="0" tests="6" name="gdfgd.priority" time="0.031" errors="0" timestamp="2024-07-06T16:38:39 IST" skipped="0">
  <testcase classname="gdfgd.priority" name="t3" time="0.013"/>
  <testcase classname="gdfgd.priority" name="t1" time="0.004"/>
  <testcase classname="gdfgd.priority" name="t2" time="0.002"/>
  <testcase classname="gdfgd.priority" name="z" time="0.003"/>
  <testcase classname="gdfgd.priority" name="D" time="0.006"/>
  <testcase classname="gdfgd.priority" name="u" time="0.003"/>
</testsuite> <!-- gdfgd.priority -->
